0 info it worked if it ends with ok
1 verbose cli [ '/nix/store/ajr6i77s89gjfjm59aazc16b5rvb39n7-nodejs-4.3.1/bin/node',
1 verbose cli   '/mnt/shared/sbin/npm',
1 verbose cli   'install',
1 verbose cli   '-g',
1 verbose cli   'create-react-app' ]
2 info using npm@2.14.12
3 info using node@v4.3.1
4 verbose install initial load of /nix/store/ajr6i77s89gjfjm59aazc16b5rvb39n7-nodejs-4.3.1/lib/package.json
5 verbose readDependencies loading dependencies from /nix/store/ajr6i77s89gjfjm59aazc16b5rvb39n7-nodejs-4.3.1/lib/package.json
6 silly cache add args [ 'create-react-app', null ]
7 verbose cache add spec create-react-app
8 silly cache add parsed spec Result {
8 silly cache add   raw: 'create-react-app',
8 silly cache add   scope: null,
8 silly cache add   name: 'create-react-app',
8 silly cache add   rawSpec: '',
8 silly cache add   spec: 'latest',
8 silly cache add   type: 'tag' }
9 silly addNamed create-react-app@latest
10 verbose addNamed "latest" is being treated as a dist-tag for create-react-app
11 info addNameTag [ 'create-react-app', 'latest' ]
12 silly mapToRegistry name create-react-app
13 silly mapToRegistry using default registry
14 silly mapToRegistry registry https://registry.npmjs.org/
15 silly mapToRegistry uri https://registry.npmjs.org/create-react-app
16 verbose addNameTag registry:https://registry.npmjs.org/create-react-app not in flight; fetching
17 verbose request uri https://registry.npmjs.org/create-react-app
18 verbose request no auth needed
19 info attempt registry request try #1 at 14:41:04
20 verbose request id 735d0c3ab156c9a0
21 http request GET https://registry.npmjs.org/create-react-app
22 http 200 https://registry.npmjs.org/create-react-app
23 verbose headers { 'content-type': 'application/json; charset=UTF-8',
23 verbose headers   server: 'UploadServer',
23 verbose headers   'cache-control': 'max-age=300',
23 verbose headers   'last-modified': 'Mon, 29 Jan 2018 18:06:57 GMT',
23 verbose headers   etag: '"5a6f62c1-f89f"',
23 verbose headers   'content-encoding': 'gzip',
23 verbose headers   'content-length': '6948',
23 verbose headers   'accept-ranges': 'bytes',
23 verbose headers   date: 'Tue, 30 Jan 2018 14:41:04 GMT',
23 verbose headers   via: '1.1 varnish',
23 verbose headers   age: '12838',
23 verbose headers   connection: 'keep-alive',
23 verbose headers   'x-served-by': 'cache-sea1049-SEA',
23 verbose headers   'x-cache': 'HIT',
23 verbose headers   'x-cache-hits': '1',
23 verbose headers   'x-timer': 'S1517323265.821795,VS0,VE0',
23 verbose headers   vary: 'Accept-Encoding, Accept' }
24 silly get cb [ 200,
24 silly get   { 'content-type': 'application/json; charset=UTF-8',
24 silly get     server: 'UploadServer',
24 silly get     'cache-control': 'max-age=300',
24 silly get     'last-modified': 'Mon, 29 Jan 2018 18:06:57 GMT',
24 silly get     etag: '"5a6f62c1-f89f"',
24 silly get     'content-encoding': 'gzip',
24 silly get     'content-length': '6948',
24 silly get     'accept-ranges': 'bytes',
24 silly get     date: 'Tue, 30 Jan 2018 14:41:04 GMT',
24 silly get     via: '1.1 varnish',
24 silly get     age: '12838',
24 silly get     connection: 'keep-alive',
24 silly get     'x-served-by': 'cache-sea1049-SEA',
24 silly get     'x-cache': 'HIT',
24 silly get     'x-cache-hits': '1',
24 silly get     'x-timer': 'S1517323265.821795,VS0,VE0',
24 silly get     vary: 'Accept-Encoding, Accept' } ]
25 verbose get saving create-react-app to /home/ubuntu/.npm/registry.npmjs.org/create-react-app/.cache.json
26 verbose makeDirectory /home/ubuntu/.npm creation not in flight; initializing
27 silly makeDirectory /home/ubuntu/.npm uid: 1000 gid: 1000
28 silly addNameTag next cb for create-react-app with tag latest
29 silly addNamed create-react-app@1.5.1
30 verbose addNamed "1.5.1" is a plain semver version for create-react-app
31 silly mapToRegistry name create-react-app
32 silly mapToRegistry using default registry
33 silly mapToRegistry registry https://registry.npmjs.org/
34 silly mapToRegistry uri https://registry.npmjs.org/create-react-app
35 verbose addRemoteTarball https://registry.npmjs.org/create-react-app/-/create-react-app-1.5.1.tgz not in flight; adding
36 verbose addRemoteTarball [ 'https://registry.npmjs.org/create-react-app/-/create-react-app-1.5.1.tgz',
36 verbose addRemoteTarball   'e3d1e757377a20b8a48202582df820436ef5430d' ]
37 info retry fetch attempt 1 at 14:41:04
38 info attempt registry request try #1 at 14:41:04
39 http fetch GET https://registry.npmjs.org/create-react-app/-/create-react-app-1.5.1.tgz
40 http fetch 200 https://registry.npmjs.org/create-react-app/-/create-react-app-1.5.1.tgz
41 silly fetchAndShaCheck shasum e3d1e757377a20b8a48202582df820436ef5430d
42 verbose addTmpTarball /tmp/npm-3627-30381839/registry.npmjs.org/create-react-app/-/create-react-app-1.5.1.tgz not in flight; adding
43 verbose addTmpTarball already have metadata; skipping unpack for create-react-app@1.5.1
44 silly cache afterAdd create-react-app@1.5.1
45 verbose afterAdd /home/ubuntu/.npm/create-react-app/1.5.1/package/package.json not in flight; writing
46 verbose afterAdd /home/ubuntu/.npm/create-react-app/1.5.1/package/package.json written
47 silly install resolved [ { name: 'create-react-app',
47 silly install resolved     version: '1.5.1',
47 silly install resolved     keywords: [ 'react' ],
47 silly install resolved     description: 'Create React apps with no build configuration.',
47 silly install resolved     repository:
47 silly install resolved      { type: 'git',
47 silly install resolved        url: 'git+https://github.com/facebookincubator/create-react-app.git' },
47 silly install resolved     license: 'MIT',
47 silly install resolved     engines: { node: '>=4' },
47 silly install resolved     bugs: { url: 'https://github.com/facebookincubator/create-react-app/issues' },
47 silly install resolved     files: [ 'index.js', 'createReactApp.js' ],
47 silly install resolved     bin: { 'create-react-app': './index.js' },
47 silly install resolved     dependencies:
47 silly install resolved      { chalk: '^1.1.1',
47 silly install resolved        commander: '^2.9.0',
47 silly install resolved        'cross-spawn': '^4.0.0',
47 silly install resolved        envinfo: '3.4.2',
47 silly install resolved        'fs-extra': '^1.0.0',
47 silly install resolved        hyperquest: '^2.1.2',
47 silly install resolved        semver: '^5.0.3',
47 silly install resolved        'tar-pack': '^3.4.0',
47 silly install resolved        tmp: '0.0.31',
47 silly install resolved        'validate-npm-package-name': '^3.0.0' },
47 silly install resolved     homepage: 'https://github.com/facebookincubator/create-react-app#readme',
47 silly install resolved     _id: 'create-react-app@1.5.1',
47 silly install resolved     scripts: {},
47 silly install resolved     _shasum: 'e3d1e757377a20b8a48202582df820436ef5430d',
47 silly install resolved     _from: 'create-react-app@latest',
47 silly install resolved     _npmVersion: '3.10.10',
47 silly install resolved     _nodeVersion: '8.9.1',
47 silly install resolved     _npmUser: { name: 'gaearon', email: 'dan.abramov@gmail.com' },
47 silly install resolved     dist:
47 silly install resolved      { shasum: 'e3d1e757377a20b8a48202582df820436ef5430d',
47 silly install resolved        tarball: 'https://registry.npmjs.org/create-react-app/-/create-react-app-1.5.1.tgz' },
47 silly install resolved     maintainers: [ [Object], [Object], [Object], [Object], [Object] ],
47 silly install resolved     _npmOperationalInternal:
47 silly install resolved      { host: 's3://npm-registry-packages',
47 silly install resolved        tmp: 'tmp/create-react-app-1.5.1.tgz_1516277336133_0.9626760180108249' },
47 silly install resolved     directories: {},
47 silly install resolved     _resolved: 'https://registry.npmjs.org/create-react-app/-/create-react-app-1.5.1.tgz' } ]
48 info install create-react-app@1.5.1 into /nix/store/ajr6i77s89gjfjm59aazc16b5rvb39n7-nodejs-4.3.1/lib
49 info installOne create-react-app@1.5.1
50 verbose installOne of create-react-app to /nix/store/ajr6i77s89gjfjm59aazc16b5rvb39n7-nodejs-4.3.1/lib not in flight; installing
51 verbose makeDirectory /home/ubuntu/.npm/_locks creation not in flight; initializing
52 silly makeDirectory /home/ubuntu/.npm/_locks uid: 1000 gid: 1000
53 verbose lock using /home/ubuntu/.npm/_locks/create-react-app-55a48c75eccc2d0b.lock for /nix/store/ajr6i77s89gjfjm59aazc16b5rvb39n7-nodejs-4.3.1/lib/node_modules/create-react-app
54 silly install write writing create-react-app 1.5.1 to /nix/store/ajr6i77s89gjfjm59aazc16b5rvb39n7-nodejs-4.3.1/lib/node_modules/create-react-app
55 verbose unbuild lib/node_modules/create-react-app
56 silly gentlyRm /nix/store/ajr6i77s89gjfjm59aazc16b5rvb39n7-nodejs-4.3.1/lib/node_modules/create-react-app is being purged from base /nix/store/ajr6i77s89gjfjm59aazc16b5rvb39n7-nodejs-4.3.1
57 verbose gentlyRm don't care about contents; nuking /nix/store/ajr6i77s89gjfjm59aazc16b5rvb39n7-nodejs-4.3.1/lib/node_modules/create-react-app
58 verbose tar unpack /home/ubuntu/.npm/create-react-app/1.5.1/package.tgz
59 verbose tar unpacking to /nix/store/ajr6i77s89gjfjm59aazc16b5rvb39n7-nodejs-4.3.1/lib/node_modules/create-react-app
60 silly gentlyRm /nix/store/ajr6i77s89gjfjm59aazc16b5rvb39n7-nodejs-4.3.1/lib/node_modules/create-react-app is being purged
61 verbose gentlyRm don't care about contents; nuking /nix/store/ajr6i77s89gjfjm59aazc16b5rvb39n7-nodejs-4.3.1/lib/node_modules/create-react-app
62 silly gunzTarPerm modes [ '755', '644' ]
63 error tar.unpack untar error /home/ubuntu/.npm/create-react-app/1.5.1/package.tgz
64 verbose unlock done using /home/ubuntu/.npm/_locks/create-react-app-55a48c75eccc2d0b.lock for /nix/store/ajr6i77s89gjfjm59aazc16b5rvb39n7-nodejs-4.3.1/lib/node_modules/create-react-app
65 verbose fstream_path /nix/store/ajr6i77s89gjfjm59aazc16b5rvb39n7-nodejs-4.3.1/lib/node_modules/create-react-app
66 verbose fstream_type Directory
67 verbose fstream_class DirWriter
68 verbose stack Error: EROFS: read-only file system, mkdir '/nix/store/ajr6i77s89gjfjm59aazc16b5rvb39n7-nodejs-4.3.1/lib/node_modules/create-react-app'
68 verbose stack     at Error (native)
69 verbose fstream_stack /nix/store/ajr6i77s89gjfjm59aazc16b5rvb39n7-nodejs-4.3.1/lib/node_modules/npm/node_modules/fstream/lib/dir-writer.js:35:25
69 verbose fstream_stack /nix/store/ajr6i77s89gjfjm59aazc16b5rvb39n7-nodejs-4.3.1/lib/node_modules/npm/node_modules/mkdirp/index.js:47:53
69 verbose fstream_stack FSReqWrap.oncomplete (fs.js:82:15)
70 verbose cwd /home/ubuntu/workspace/repos/maulikg78.github.io/mycode
71 error Linux 4.9.77-c9
72 error argv "/nix/store/ajr6i77s89gjfjm59aazc16b5rvb39n7-nodejs-4.3.1/bin/node" "/mnt/shared/sbin/npm" "install" "-g" "create-react-app"
73 error node v4.3.1
74 error npm  v2.14.12
75 error path /nix/store/ajr6i77s89gjfjm59aazc16b5rvb39n7-nodejs-4.3.1/lib/node_modules/create-react-app
76 error code EROFS
77 error errno -30
78 error syscall mkdir
79 error rofs EROFS: read-only file system, mkdir '/nix/store/ajr6i77s89gjfjm59aazc16b5rvb39n7-nodejs-4.3.1/lib/node_modules/create-react-app'
79 error rofs This is most likely not a problem with npm itself
79 error rofs and is related to the file system being read-only.
79 error rofs
79 error rofs Often virtualized file systems, or other file systems
79 error rofs that don't support symlinks, give this error.
80 verbose exit [ -30, true ]
81 verbose unbuild lib/node_modules/create-react-app
82 silly gentlyRm /nix/store/ajr6i77s89gjfjm59aazc16b5rvb39n7-nodejs-4.3.1/lib/node_modules/create-react-app is being purged from base /nix/store/ajr6i77s89gjfjm59aazc16b5rvb39n7-nodejs-4.3.1
83 verbose gentlyRm don't care about contents; nuking /nix/store/ajr6i77s89gjfjm59aazc16b5rvb39n7-nodejs-4.3.1/lib/node_modules/create-react-app
